<?xml version="1.0" encoding="UTF-8"?>
<!-- Generated by org.testng.reporters.JUnitReportReporter -->
<testsuite skipped="0" hostname="DESKTOP-Q6ON4L4" name="Practice.CheckThis" tests="1" failures="0" timestamp="19 Mar 2019 12:36:00 GMT" time="67.580" errors="0">
  <testcase name="FreeTrial" time="67.580" classname="Practice.CheckThis"/>
</testsuite> <!-- Practice.CheckThis -->
