<?xml version="1.0" encoding="UTF-8"?>
<!-- Generated by org.testng.reporters.JUnitReportReporter -->
<testsuite skipped="0" hostname="DESKTOP-Q6ON4L4" name="registrationflows.FreeTrialFlow_AllCountries" tests="20" failures="0" timestamp="25 Mar 2019 13:31:12 GMT" time="802.113" errors="0">
  <testcase name="FreeTrialFlow_SE" time="45.311" classname="registrationflows.FreeTrialFlow_AllCountries"/>
  <testcase name="FreeTrialFlow_SE" time="58.676" classname="registrationflows.FreeTrialFlow_AllCountries"/>
  <testcase name="FreeTrialFlow_SE" time="45.315" classname="registrationflows.FreeTrialFlow_AllCountries"/>
  <testcase name="FreeTrialFlow_SE" time="52.439" classname="registrationflows.FreeTrialFlow_AllCountries"/>
  <testcase name="FreeTrialFlow_SE" time="46.343" classname="registrationflows.FreeTrialFlow_AllCountries"/>
  <testcase name="FreeTrialFlow_SE" time="43.555" classname="registrationflows.FreeTrialFlow_AllCountries"/>
  <testcase name="FreeTrialFlow_SE" time="52.997" classname="registrationflows.FreeTrialFlow_AllCountries"/>
  <testcase name="FreeTrialFlow_SE" time="52.069" classname="registrationflows.FreeTrialFlow_AllCountries"/>
  <testcase name="FreeTrialFlow_SE" time="67.330" classname="registrationflows.FreeTrialFlow_AllCountries"/>
  <testcase name="FreeTrialFlow_SE" time="45.227" classname="registrationflows.FreeTrialFlow_AllCountries"/>
  <testcase name="FreeTrailFlowSE_RegistrationPage_EmptyEmailPassword" time="22.145" classname="registrationflows.FreeTrialFlow_AllCountries"/>
  <testcase name="FreeTrialFlowSE_RegistrationPage_UncheckBox" time="19.878" classname="registrationflows.FreeTrialFlow_AllCountries"/>
  <testcase name="FreeTrailFlowSE_wrongEmail" time="22.319" classname="registrationflows.FreeTrialFlow_AllCountries"/>
  <testcase name="FreeTrailFlow_Registration_InvalidPassword" time="23.214" classname="registrationflows.FreeTrialFlow_AllCountries"/>
  <testcase name="FreeTrailFlowSE_invalidCardNumber" time="31.742" classname="registrationflows.FreeTrialFlow_AllCountries"/>
  <testcase name="FreeTrialFlow_InvalidCardExpiry" time="29.954" classname="registrationflows.FreeTrialFlow_AllCountries"/>
  <testcase name="FreeTrialFlow_InvalidCvv" time="31.195" classname="registrationflows.FreeTrialFlow_AllCountries"/>
  <testcase name="FreeTrailFlow_InvalidAccountNumber" time="36.138" classname="registrationflows.FreeTrialFlow_AllCountries"/>
  <testcase name="FreeTrailFlow_Payment_emptyOtp" time="34.972" classname="registrationflows.FreeTrialFlow_AllCountries"/>
  <testcase name="FreeTrailFlow_Payment_invalidOtp" time="41.294" classname="registrationflows.FreeTrialFlow_AllCountries"/>
</testsuite> <!-- registrationflows.FreeTrialFlow_AllCountries -->
