<?xml version="1.0" encoding="UTF-8"?>
<!-- Generated by org.testng.reporters.JUnitReportReporter -->
<testsuite skipped="0" hostname="DESKTOP-Q6ON4L4" name="registrationflows.UserCancelFlow" tests="1" failures="0" timestamp="05 Feb 2019 09:26:24 GMT" time="36.088" errors="0">
  <testcase name="UserCancelFlowPositive" time="36.088" classname="registrationflows.UserCancelFlow"/>
</testsuite> <!-- registrationflows.UserCancelFlow -->
